<?xml version="1.0" encoding="UTF-8"?>
<!-- Generated by org.testng.reporters.JUnitXMLReporter -->
<testsuite ignored="0" hostname="Abisheks-MacBook-Air.local" failures="1" tests="5" name="Android" time="43.197" errors="0" timestamp="2024-03-14T17:47:57 IST">
  <testcase classname="com.qa.testcase.LoginTest" name="emptyUsername" time="2.195"/>
  <testcase classname="com.qa.testcase.LoginTest" name="invalidUserName" time="6.001"/>
  <testcase classname="com.qa.testcase.LoginTest" name="validLogin" time="5.03">
    <failure type="java.lang.AssertionError" message="expected [PRODUCTStes] but found [PRODUCTS]">
      <![CDATA[java.lang.AssertionError: expected [PRODUCTStes] but found [PRODUCTS]
at com.qa.testcase.LoginTest.validLogin(LoginTest.java:147)
at java.base/java.util.ArrayList.forEach(ArrayList.java:1596)
at java.base/java.util.concurrent.FutureTask.run(FutureTask.java:317)
at java.base/java.util.concurrent.ThreadPoolExecutor.runWorker(ThreadPoolExecutor.java:1144)
at java.base/java.util.concurrent.ThreadPoolExecutor$Worker.run(ThreadPoolExecutor.java:642)
at java.base/java.lang.Thread.run(Thread.java:1583)
... Removed 21 stack frames]]>
    </failure>
  </testcase> <!-- validLogin -->
  <testcase classname="com.qa.testcase.ProductsTest" name="getProductDes" time="6.086"/>
  <testcase classname="com.qa.testcase.ProductsTest" name="validLogin" time="1.406"/>
</testsuite> <!-- Android -->
