<?xml version="1.0" encoding="UTF-8"?>
<!-- Generated by org.testng.reporters.JUnitXMLReporter -->
<testsuite ignored="0" hostname="Abisheks-MacBook-Air.local" failures="2" tests="5" name="iOS" time="65.106" errors="0" timestamp="2024-03-16T21:41:27 IST">
  <testcase classname="com.qa.testcase.LoginTest" name="emptyUsername" time="6.163"/>
  <testcase classname="com.qa.testcase.LoginTest" name="invalidUserName" time="6.036"/>
  <testcase classname="com.qa.testcase.LoginTest" name="validLogin" time="6.735">
    <failure type="java.lang.AssertionError" message="expected [PRODUCTStes] but found [PRODUCTS]">
      <![CDATA[java.lang.AssertionError: expected [PRODUCTStes] but found [PRODUCTS]
at com.qa.testcase.LoginTest.validLogin(LoginTest.java:149)
at java.base/java.util.ArrayList.forEach(ArrayList.java:1596)
at java.base/java.util.concurrent.FutureTask.run(FutureTask.java:317)
at java.base/java.util.concurrent.ThreadPoolExecutor.runWorker(ThreadPoolExecutor.java:1144)
at java.base/java.util.concurrent.ThreadPoolExecutor$Worker.run(ThreadPoolExecutor.java:642)
at java.base/java.lang.Thread.run(Thread.java:1583)
... Removed 21 stack frames]]>
    </failure>
  </testcase> <!-- validLogin -->
  <testcase classname="com.qa.testcase.ProductsTest" name="getProductDes" time="3.587"/>
  <testcase classname="com.qa.testcase.ProductsTest" name="validLogin" time="1.745">
    <failure type="org.openqa.selenium.UnsupportedCommandException" message="{&amp;quot;value&amp;quot;:{&amp;quot;error&amp;quot;:&amp;quot;unknown method&amp;quot;,&amp;quot;message&amp;quot;:&amp;quot;Method is not implemented&amp;quot;,&amp;quot;stacktrace&amp;quot;:&amp;quot;NotImplementedError: Method is not implemented\n    at XCUITestDriver.execute (/Users/abishekr/.appium/node_modules/appium-xcuitest-driver/lib/commands/execute.js:124:13)\n    at commandExecutor (/usr/local/lib/node_modules/appium/node_modules/@appium/base-driver/lib/basedriver/driver.ts:107:18)\n    at /usr/local/lib/node_modules/appium/node_modules/async-lock/lib/index.js:171:12\n    at AsyncLock._promiseTry (/usr/local/lib/node_modules/appium/node_modules/async-lock/lib/index.js:304:31)\n    at exec (/usr/local/lib/node_modules/appium/node_modules/async-lock/lib/index.js:170:9)\n    at AsyncLock.acquire (/usr/local/lib/node_modules/appium/node_modules/async-lock/lib/index.js:187:3)\n    at XCUITestDriver.executeCommand (/usr/local/lib/node_modules/appium/node_modules/@appium/base-driver/lib/basedriver/driver.ts:123:39)\n    at processTicksAndRejections (node:internal/process/task_queues:95:5)\n    at XCUITestDriver.executeCommand (/Users/abishekr/.appium/node_modules/appium-xcuitest-driver/lib/driver.js:1068:12)\n    at defaultBehavior (/usr/local/lib/node_modules/appium/lib/appium.js:722:14)\n    at AppiumDriver.executeWrappedCommand (/usr/local/lib/node_modules/appium/lib/appium.js:828:16)\n    at AppiumDriver.executeCommand (/usr/local/lib/node_modules/appium/lib/appium.js:734:17)\n    at asyncHandler (/usr/local/lib/node_modules/appium/node_modules/@appium/base-driver/lib/protocol/protocol.js:393:19)&amp;quot;}}
Command duration or timeout: 14 milliseconds
Build info: version: &amp;apos;4.18.1&amp;apos;, revision: &amp;apos;b1d3319b48&amp;apos;
System info: os.name: &amp;apos;Mac OS X&amp;apos;, os.arch: &amp;apos;aarch64&amp;apos;, os.version: &amp;apos;14.2.1&amp;apos;, java.version: &amp;apos;21&amp;apos;
Driver info: io.appium.java_client.ios.IOSDriver
Command: [d7f17dd2-c12b-4c97-a1e4-f2f6f17a21cd, executeScript {script=mobile: clickGesture, args=[{x=29, y=53}]}]
Capabilities {appium:app: /Users/abishekr/IdeaProject..., appium:automationName: XCUITest, appium:databaseEnabled: false, appium:deviceName: iPhone 15 Plus, appium:javascriptEnabled: true, appium:locationContextEnabled: false, appium:networkConnectionEnabled: false, appium:takesScreenshot: true, appium:udid: 0FF07A15-687E-47A8-9F0A-5D5..., appium:wdaLocalPort: 10001, appium:webStorageEnabled: false, appium:webkitDebugProxyPort: iOSOnly, platformName: IOS}
Session ID: d7f17dd2-c12b-4c97-a1e4-f2f6f17a21cd">
      <![CDATA[org.openqa.selenium.UnsupportedCommandException: {"value":{"error":"unknown method","message":"Method is not implemented","stacktrace":"NotImplementedError: Method is not implemented\n    at XCUITestDriver.execute (/Users/abishekr/.appium/node_modules/appium-xcuitest-driver/lib/commands/execute.js:124:13)\n    at commandExecutor (/usr/local/lib/node_modules/appium/node_modules/@appium/base-driver/lib/basedriver/driver.ts:107:18)\n    at /usr/local/lib/node_modules/appium/node_modules/async-lock/lib/index.js:171:12\n    at AsyncLock._promiseTry (/usr/local/lib/node_modules/appium/node_modules/async-lock/lib/index.js:304:31)\n    at exec (/usr/local/lib/node_modules/appium/node_modules/async-lock/lib/index.js:170:9)\n    at AsyncLock.acquire (/usr/local/lib/node_modules/appium/node_modules/async-lock/lib/index.js:187:3)\n    at XCUITestDriver.executeCommand (/usr/local/lib/node_modules/appium/node_modules/@appium/base-driver/lib/basedriver/driver.ts:123:39)\n    at processTicksAndRejections (node:internal/process/task_queues:95:5)\n    at XCUITestDriver.executeCommand (/Users/abishekr/.appium/node_modules/appium-xcuitest-driver/lib/driver.js:1068:12)\n    at defaultBehavior (/usr/local/lib/node_modules/appium/lib/appium.js:722:14)\n    at AppiumDriver.executeWrappedCommand (/usr/local/lib/node_modules/appium/lib/appium.js:828:16)\n    at AppiumDriver.executeCommand (/usr/local/lib/node_modules/appium/lib/appium.js:734:17)\n    at asyncHandler (/usr/local/lib/node_modules/appium/node_modules/@appium/base-driver/lib/protocol/protocol.js:393:19)"}}
Command duration or timeout: 14 milliseconds
Build info: version: '4.18.1', revision: 'b1d3319b48'
System info: os.name: 'Mac OS X', os.arch: 'aarch64', os.version: '14.2.1', java.version: '21'
Driver info: io.appium.java_client.ios.IOSDriver
Command: [d7f17dd2-c12b-4c97-a1e4-f2f6f17a21cd, executeScript {script=mobile: clickGesture, args=[{x=29, y=53}]}]
Capabilities {appium:app: /Users/abishekr/IdeaProject..., appium:automationName: XCUITest, appium:databaseEnabled: false, appium:deviceName: iPhone 15 Plus, appium:javascriptEnabled: true, appium:locationContextEnabled: false, appium:networkConnectionEnabled: false, appium:takesScreenshot: true, appium:udid: 0FF07A15-687E-47A8-9F0A-5D5..., appium:wdaLocalPort: 10001, appium:webStorageEnabled: false, appium:webkitDebugProxyPort: iOSOnly, platformName: IOS}
Session ID: d7f17dd2-c12b-4c97-a1e4-f2f6f17a21cd
at org.openqa.selenium.remote.ErrorHandler.createThrowable(ErrorHandler.java:221)
at org.openqa.selenium.remote.ErrorHandler.throwIfResponseFailed(ErrorHandler.java:170)
at org.openqa.selenium.remote.RemoteWebDriver.execute(RemoteWebDriver.java:572)
at org.openqa.selenium.remote.RemoteWebDriver.executeScript(RemoteWebDriver.java:464)
at com.qa.BaseTest.tapByCoordinates(BaseTest.java:344)
at com.qa.pages.ProductsPage.clickHamburgerMenu(ProductsPage.java:75)
at com.qa.testcase.ProductsTest.validLogin(ProductsTest.java:129)
at java.base/java.util.ArrayList.forEach(ArrayList.java:1596)
at java.base/java.util.concurrent.FutureTask.run(FutureTask.java:317)
at java.base/java.util.concurrent.ThreadPoolExecutor.runWorker(ThreadPoolExecutor.java:1144)
at java.base/java.util.concurrent.ThreadPoolExecutor$Worker.run(ThreadPoolExecutor.java:642)
at java.base/java.lang.Thread.run(Thread.java:1583)
... Removed 18 stack frames]]>
    </failure>
  </testcase> <!-- validLogin -->
</testsuite> <!-- iOS -->
