<?xml version="1.0" encoding="UTF-8"?>
<!-- Generated by org.testng.reporters.JUnitXMLReporter -->
<testsuite ignored="0" hostname="Abisheks-MacBook-Air.local" failures="1" tests="5" name="Pixel4" time="40.061" errors="0" timestamp="2024-03-30T16:28:57 IST">
  <testcase classname="com.qa.testcase.LoginTest" name="emptyUsername" time="2.341"/>
  <testcase classname="com.qa.testcase.LoginTest" name="invalidUserName" time="4.741"/>
  <testcase classname="com.qa.testcase.LoginTest" name="validLogin" time="5.019">
    <failure type="java.lang.AssertionError" message="expected [PRODUCTStes] but found [PRODUCTS]">
      <![CDATA[java.lang.AssertionError: expected [PRODUCTStes] but found [PRODUCTS]
at com.qa.testcase.LoginTest.validLogin(LoginTest.java:149)
at java.base/java.util.ArrayList.forEach(ArrayList.java:1596)
at com.intellij.rt.testng.IDEARemoteTestNG.run(IDEARemoteTestNG.java:66)
at com.intellij.rt.testng.RemoteTestNGStarter.main(RemoteTestNGStarter.java:105)
... Removed 28 stack frames]]>
    </failure>
  </testcase> <!-- validLogin -->
  <testcase classname="com.qa.testcase.ProductsTest" name="getProductDes" time="6.549"/>
  <testcase classname="com.qa.testcase.ProductsTest" name="validLogin" time="1.448"/>
</testsuite> <!-- Pixel4 -->
