<!DOCTYPE html PUBLIC "-//W3C//DTD XHTML 1.1//EN" "https://www.w3.org/TR/xhtml11/DTD/xhtml11.dtd">
<html xmlns="https://www.w3.org/1999/xhtml">
<head>
<meta http-equiv="content-type" content="text/html; charset=UTF-8"/>
<title>TestNG Report</title>
<style type="text/css">table {margin-bottom:10px;border-collapse:collapse;empty-cells:show}th,td {border:1px solid #009;padding:.25em .5em}th {vertical-align:bottom}td {vertical-align:top}table a {font-weight:bold}.stripe td {background-color: #E6EBF9}.num {text-align:right}.passedodd td {background-color: #3F3}.passedeven td {background-color: #0A0}.skippedodd td {background-color: #DDD}.skippedeven td {background-color: #CCC}.failedodd td,.attn {background-color: #F33}.failedeven td,.stripe .attn {background-color: #D00}.stacktrace {white-space:pre;font-family:monospace}.totop {font-size:85%;text-align:center;border-bottom:2px solid #000}.invisible {display:none}</style>
</head>
<body>
<table>
<tr><th>Test</th><th># Passed</th><th># Skipped</th><th># Retried</th><th># Failed</th><th>Time (ms)</th><th>Included Groups</th><th>Excluded Groups</th></tr>
<tr><th colspan="8">All Test Suite</th></tr>
<tr><td><a href="#t0">Samsung s20 Fe</a></td><td class="num">3</td><td class="num">0</td><td class="num">0</td><td class="num attn">2</td><td class="num">41,579</td><td></td><td></td></tr>
<tr class="stripe"><td><a href="#t1">Pixel4</a></td><td class="num">3</td><td class="num">0</td><td class="num">0</td><td class="num attn">2</td><td class="num">48,219</td><td></td><td></td></tr>
<tr><td><a href="#t2">iOS</a></td><td class="num">3</td><td class="num">0</td><td class="num">0</td><td class="num attn">2</td><td class="num">65,106</td><td></td><td></td></tr>
<tr><th>Total</th><th class="num">9</th><th class="num">0</th><th class="num">0</th><th class="num attn">6</th><th class="num">154,904</th><th colspan="2"></th></tr>
</table>
<table id='summary'><thead><tr><th>Class</th><th>Method</th><th>Start</th><th>Time (ms)</th></tr></thead><tbody><tr><th colspan="4">All Test Suite</th></tr></tbody><tbody id="t0"><tr><th colspan="4">Samsung s20 Fe &#8212; failed</th></tr><tr class="failedeven"><td rowspan="1">com.qa.testcase.LoginTest</td><td><a href="#m0">validLogin</a></td><td rowspan="1">1710605438414</td><td rowspan="1">5776</td></tr><tr class="failedodd"><td rowspan="1">com.qa.testcase.ProductsTest</td><td><a href="#m1">getProductDes</a></td><td rowspan="1">1710605454273</td><td rowspan="1">2587</td></tr><tr><th colspan="4">Samsung s20 Fe &#8212; passed</th></tr><tr class="passedeven"><td rowspan="2">com.qa.testcase.LoginTest</td><td><a href="#m2">emptyUsername</a></td><td rowspan="1">1710605429767</td><td rowspan="1">2055</td></tr><tr class="passedeven"><td><a href="#m3">invalidUserName</a></td><td rowspan="1">1710605432362</td><td rowspan="1">5448</td></tr><tr class="passedodd"><td rowspan="1">com.qa.testcase.ProductsTest</td><td><a href="#m4">validLogin</a></td><td rowspan="1">1710605462001</td><td rowspan="1">1709</td></tr></tbody>
<tbody id="t1"><tr><th colspan="4">Pixel4 &#8212; failed</th></tr><tr class="failedeven"><td rowspan="1">com.qa.testcase.LoginTest</td><td><a href="#m5">validLogin</a></td><td rowspan="1">1710605443132</td><td rowspan="1">6382</td></tr><tr class="failedodd"><td rowspan="1">com.qa.testcase.ProductsTest</td><td><a href="#m6">getProductDes</a></td><td rowspan="1">1710605458985</td><td rowspan="1">2441</td></tr><tr><th colspan="4">Pixel4 &#8212; passed</th></tr><tr class="passedeven"><td rowspan="2">com.qa.testcase.LoginTest</td><td><a href="#m7">emptyUsername</a></td><td rowspan="1">1710605431531</td><td rowspan="1">3342</td></tr><tr class="passedeven"><td><a href="#m8">invalidUserName</a></td><td rowspan="1">1710605435694</td><td rowspan="1">6849</td></tr><tr class="passedodd"><td rowspan="1">com.qa.testcase.ProductsTest</td><td><a href="#m9">validLogin</a></td><td rowspan="1">1710605468941</td><td rowspan="1">1636</td></tr></tbody>
<tbody id="t2"><tr><th colspan="4">iOS &#8212; failed</th></tr><tr class="failedeven"><td rowspan="1">com.qa.testcase.LoginTest</td><td><a href="#m10">validLogin</a></td><td rowspan="1">1710605450958</td><td rowspan="1">6735</td></tr><tr class="failedodd"><td rowspan="1">com.qa.testcase.ProductsTest</td><td><a href="#m11">validLogin</a></td><td rowspan="1">1710605484738</td><td rowspan="1">1745</td></tr><tr><th colspan="4">iOS &#8212; passed</th></tr><tr class="passedeven"><td rowspan="2">com.qa.testcase.LoginTest</td><td><a href="#m12">emptyUsername</a></td><td rowspan="1">1710605431823</td><td rowspan="1">6163</td></tr><tr class="passedeven"><td><a href="#m13">invalidUserName</a></td><td rowspan="1">1710605441468</td><td rowspan="1">6036</td></tr><tr class="passedodd"><td rowspan="1">com.qa.testcase.ProductsTest</td><td><a href="#m14">getProductDes</a></td><td rowspan="1">1710605472681</td><td rowspan="1">3587</td></tr></tbody>
</table>
<h2>Samsung s20 Fe</h2><h3 id="m0">com.qa.testcase.LoginTest#validLogin</h3><table class="result"><tr><th>Messages</th></tr><tr><td><div class="messages">This is the sample screenshot<br/><a href = '/Users/abishekr/IdeaProjects/Framwork_Scratch/Screenshots/Android_Abi's S20 FE_RZCW111YE0V/2024-03-16-21-40-22/LoginTest/validLogin.png'> <img src = '/Users/abishekr/IdeaProjects/Framwork_Scratch/Screenshots/Android_Abi's S20 FE_RZCW111YE0V/2024-03-16-21-40-22/LoginTest/validLogin.png' height = '100' width '100'/></a></div></td></tr><tr><th>Exception</th></tr><tr><td><div class="stacktrace">java.lang.AssertionError: expected [PRODUCTStes] but found [PRODUCTS]
	at com.qa.testcase.LoginTest.validLogin(LoginTest.java:149)
	at java.base/java.util.ArrayList.forEach(ArrayList.java:1596)
	at java.base/java.util.concurrent.FutureTask.run(FutureTask.java:317)
	at java.base/java.util.concurrent.ThreadPoolExecutor.runWorker(ThreadPoolExecutor.java:1144)
	at java.base/java.util.concurrent.ThreadPoolExecutor$Worker.run(ThreadPoolExecutor.java:642)
	at java.base/java.lang.Thread.run(Thread.java:1583)
... Removed 21 stack frames</div></td></tr></table><p class="totop"><a href="#summary">back to summary</a></p>
<h3 id="m1">com.qa.testcase.ProductsTest#getProductDes</h3><table class="result"><tr><th>Messages</th></tr><tr><td><div class="messages">This is the sample screenshot<br/><a href = '/Users/abishekr/IdeaProjects/Framwork_Scratch/Screenshots/Android_Abi's S20 FE_RZCW111YE0V/2024-03-16-21-40-45/ProductsTest/getProductDes.png'> <img src = '/Users/abishekr/IdeaProjects/Framwork_Scratch/Screenshots/Android_Abi's S20 FE_RZCW111YE0V/2024-03-16-21-40-45/ProductsTest/getProductDes.png' height = '100' width '100'/></a></div></td></tr><tr><th>Exception</th></tr><tr><td><div class="stacktrace">org.openqa.selenium.UnsupportedCommandException: &apos;label&apos; attribute is unknown for the element. Only the following attributes are supported: [checkable, checked, {class,className}, clickable, {content-desc,contentDescription}, enabled, focusable, focused, {long-clickable,longClickable}, package, password, {resource-id,resourceId}, scrollable, selection-start, selection-end, selected, {text,name}, hint, extras, bounds, displayed, contentSize]
Build info: version: &apos;4.18.1&apos;, revision: &apos;b1d3319b48&apos;
System info: os.name: &apos;Mac OS X&apos;, os.arch: &apos;aarch64&apos;, os.version: &apos;14.2.1&apos;, java.version: &apos;21&apos;
Driver info: io.appium.java_client.android.AndroidDriver
Command: [6d0af731-b87c-47a2-b31e-cd0c144ee090, getElementAttribute {name=label, id=00000000-0000-005f-ffff-ffff00000093}]
Capabilities {appium:app: /Users/abishekr/IdeaProject..., appium:appActivity: com.swaglabsmobileapp.MainA..., appium:appPackage: com.swaglabsmobileapp, appium:automationName: UiAutomator2, appium:chromeDriverPort: 11002, appium:databaseEnabled: false, appium:desired: {app: /Users/abishekr/IdeaProject..., appActivity: com.swaglabsmobileapp.MainA..., appPackage: com.swaglabsmobileapp, automationName: UiAutomator2, chromeDriverPort: 11002, deviceName: Abi&apos;s S20 FE, platformName: ANDROID, udid: RZCW111YE0V}, appium:deviceApiLevel: 33, appium:deviceManufacturer: samsung, appium:deviceModel: SM-G781B, appium:deviceName: RZCW111YE0V, appium:deviceScreenDensity: 480, appium:deviceScreenSize: 1080x2400, appium:deviceUDID: RZCW111YE0V, appium:javascriptEnabled: true, appium:locationContextEnabled: false, appium:networkConnectionEnabled: true, appium:pixelRatio: 3, appium:platformVersion: 13, appium:statBarHeight: 88, appium:takesScreenshot: true, appium:udid: RZCW111YE0V, appium:viewportRect: {height: 2179, left: 0, top: 88, width: 1080}, appium:warnings: {}, appium:webStorageEnabled: false, platformName: ANDROID}
Element: [[AndroidDriver:  on ANDROID (6d0af731-b87c-47a2-b31e-cd0c144ee090)] -&gt; xpath: //android.view.ViewGroup[@content-desc=&quot;test-Description&quot;]/android.widget.TextView[1]]
Session ID: 6d0af731-b87c-47a2-b31e-cd0c144ee090
	at org.openqa.selenium.remote.ErrorCodec.decode(ErrorCodec.java:167)
	at org.openqa.selenium.remote.codec.w3c.W3CHttpResponseCodec.decode(W3CHttpResponseCodec.java:138)
	at org.openqa.selenium.remote.codec.w3c.W3CHttpResponseCodec.decode(W3CHttpResponseCodec.java:50)
	at org.openqa.selenium.remote.HttpCommandExecutor.execute(HttpCommandExecutor.java:190)
	at io.appium.java_client.remote.AppiumCommandExecutor.execute(AppiumCommandExecutor.java:237)
	at org.openqa.selenium.remote.RemoteWebDriver.execute(RemoteWebDriver.java:519)
	at org.openqa.selenium.remote.RemoteWebElement.execute(RemoteWebElement.java:223)
	at org.openqa.selenium.remote.RemoteWebElement.getAttribute(RemoteWebElement.java:149)
	at io.appium.java_client.pagefactory.ElementInterceptor.getObject(ElementInterceptor.java:42)
	at io.appium.java_client.pagefactory.interceptors.InterceptorOfASingleElement.call(InterceptorOfASingleElement.java:79)
	at io.appium.java_client.proxy.Interceptor.intercept(Interceptor.java:78)
	at org.openqa.selenium.remote.RemoteWebElement$ByteBuddy$JTK9zt2y.getAttribute(Unknown Source)
	at com.qa.BaseTest.getAttribute(BaseTest.java:306)
	at com.qa.BaseTest.getText(BaseTest.java:329)
	at com.qa.pages.ProductDetailsPage.getProductName(ProductDetailsPage.java:61)
	at com.qa.testcase.ProductsTest.getProductDes(ProductsTest.java:157)
	at java.base/java.util.ArrayList.forEach(ArrayList.java:1596)
	at java.base/java.util.concurrent.FutureTask.run(FutureTask.java:317)
	at java.base/java.util.concurrent.ThreadPoolExecutor.runWorker(ThreadPoolExecutor.java:1144)
	at java.base/java.util.concurrent.ThreadPoolExecutor$Worker.run(ThreadPoolExecutor.java:642)
	at java.base/java.lang.Thread.run(Thread.java:1583)
... Removed 20 stack frames</div></td></tr></table><p class="totop"><a href="#summary">back to summary</a></p>
<h3 id="m2">com.qa.testcase.LoginTest#emptyUsername</h3><table class="result"><tr><th class="invisible"/></tr></table><p class="totop"><a href="#summary">back to summary</a></p>
<h3 id="m3">com.qa.testcase.LoginTest#invalidUserName</h3><table class="result"><tr><th class="invisible"/></tr></table><p class="totop"><a href="#summary">back to summary</a></p>
<h3 id="m4">com.qa.testcase.ProductsTest#validLogin</h3><table class="result"><tr><th class="invisible"/></tr></table><p class="totop"><a href="#summary">back to summary</a></p>
<h2>Pixel4</h2><h3 id="m5">com.qa.testcase.LoginTest#validLogin</h3><table class="result"><tr><th>Messages</th></tr><tr><td><div class="messages">This is the sample screenshot<br/><a href = '/Users/abishekr/IdeaProjects/Framwork_Scratch/Screenshots/Android_Pixel4_emulator-5554/2024-03-16-21-40-22/LoginTest/validLogin.png'> <img src = '/Users/abishekr/IdeaProjects/Framwork_Scratch/Screenshots/Android_Pixel4_emulator-5554/2024-03-16-21-40-22/LoginTest/validLogin.png' height = '100' width '100'/></a></div></td></tr><tr><th>Exception</th></tr><tr><td><div class="stacktrace">java.lang.AssertionError: expected [PRODUCTStes] but found [PRODUCTS]
	at com.qa.testcase.LoginTest.validLogin(LoginTest.java:149)
	at java.base/java.util.ArrayList.forEach(ArrayList.java:1596)
	at java.base/java.util.concurrent.FutureTask.run(FutureTask.java:317)
	at java.base/java.util.concurrent.ThreadPoolExecutor.runWorker(ThreadPoolExecutor.java:1144)
	at java.base/java.util.concurrent.ThreadPoolExecutor$Worker.run(ThreadPoolExecutor.java:642)
	at java.base/java.lang.Thread.run(Thread.java:1583)
... Removed 21 stack frames</div></td></tr></table><p class="totop"><a href="#summary">back to summary</a></p>
<h3 id="m6">com.qa.testcase.ProductsTest#getProductDes</h3><table class="result"><tr><th>Messages</th></tr><tr><td><div class="messages">This is the sample screenshot<br/><a href = '/Users/abishekr/IdeaProjects/Framwork_Scratch/Screenshots/Android_Pixel4_emulator-5554/2024-03-16-21-40-50/ProductsTest/getProductDes.png'> <img src = '/Users/abishekr/IdeaProjects/Framwork_Scratch/Screenshots/Android_Pixel4_emulator-5554/2024-03-16-21-40-50/ProductsTest/getProductDes.png' height = '100' width '100'/></a></div></td></tr><tr><th>Exception</th></tr><tr><td><div class="stacktrace">org.openqa.selenium.UnsupportedCommandException: &apos;label&apos; attribute is unknown for the element. Only the following attributes are supported: [checkable, checked, {class,className}, clickable, {content-desc,contentDescription}, enabled, focusable, focused, {long-clickable,longClickable}, package, password, {resource-id,resourceId}, scrollable, selection-start, selection-end, selected, {text,name}, hint, extras, bounds, displayed, contentSize]
Build info: version: &apos;4.18.1&apos;, revision: &apos;b1d3319b48&apos;
System info: os.name: &apos;Mac OS X&apos;, os.arch: &apos;aarch64&apos;, os.version: &apos;14.2.1&apos;, java.version: &apos;21&apos;
Driver info: io.appium.java_client.android.AndroidDriver
Command: [a512704c-05c9-4eae-bd18-ed3755d4ded7, getElementAttribute {name=label, id=00000000-0000-00a8-ffff-ffff00000091}]
Capabilities {appium:app: /Users/abishekr/IdeaProject..., appium:appActivity: com.swaglabsmobileapp.MainA..., appium:appPackage: com.swaglabsmobileapp, appium:automationName: UiAutomator2, appium:chromeDriverPort: 11000, appium:databaseEnabled: false, appium:desired: {app: /Users/abishekr/IdeaProject..., appActivity: com.swaglabsmobileapp.MainA..., appPackage: com.swaglabsmobileapp, automationName: UiAutomator2, chromeDriverPort: 11000, deviceName: Pixel4, platformName: ANDROID, udid: emulator-5554}, appium:deviceApiLevel: 34, appium:deviceManufacturer: Google, appium:deviceModel: sdk_gphone64_arm64, appium:deviceName: emulator-5554, appium:deviceScreenDensity: 440, appium:deviceScreenSize: 1080x2280, appium:deviceUDID: emulator-5554, appium:javascriptEnabled: true, appium:locationContextEnabled: false, appium:networkConnectionEnabled: true, appium:pixelRatio: 2.75, appium:platformVersion: 14, appium:statBarHeight: 83, appium:takesScreenshot: true, appium:udid: emulator-5554, appium:viewportRect: {height: 2131, left: 0, top: 83, width: 1080}, appium:warnings: {}, appium:webStorageEnabled: false, platformName: ANDROID}
Element: [[AndroidDriver:  on ANDROID (a512704c-05c9-4eae-bd18-ed3755d4ded7)] -&gt; xpath: //android.view.ViewGroup[@content-desc=&quot;test-Description&quot;]/android.widget.TextView[1]]
Session ID: a512704c-05c9-4eae-bd18-ed3755d4ded7
	at org.openqa.selenium.remote.ErrorCodec.decode(ErrorCodec.java:167)
	at org.openqa.selenium.remote.codec.w3c.W3CHttpResponseCodec.decode(W3CHttpResponseCodec.java:138)
	at org.openqa.selenium.remote.codec.w3c.W3CHttpResponseCodec.decode(W3CHttpResponseCodec.java:50)
	at org.openqa.selenium.remote.HttpCommandExecutor.execute(HttpCommandExecutor.java:190)
	at io.appium.java_client.remote.AppiumCommandExecutor.execute(AppiumCommandExecutor.java:237)
	at org.openqa.selenium.remote.RemoteWebDriver.execute(RemoteWebDriver.java:519)
	at org.openqa.selenium.remote.RemoteWebElement.execute(RemoteWebElement.java:223)
	at org.openqa.selenium.remote.RemoteWebElement.getAttribute(RemoteWebElement.java:149)
	at io.appium.java_client.pagefactory.ElementInterceptor.getObject(ElementInterceptor.java:42)
	at io.appium.java_client.pagefactory.interceptors.InterceptorOfASingleElement.call(InterceptorOfASingleElement.java:79)
	at io.appium.java_client.proxy.Interceptor.intercept(Interceptor.java:78)
	at org.openqa.selenium.remote.RemoteWebElement$ByteBuddy$ivyRcXVa.getAttribute(Unknown Source)
	at com.qa.BaseTest.getAttribute(BaseTest.java:306)
	at com.qa.BaseTest.getText(BaseTest.java:329)
	at com.qa.pages.ProductDetailsPage.getProductName(ProductDetailsPage.java:61)
	at com.qa.testcase.ProductsTest.getProductDes(ProductsTest.java:157)
	at java.base/java.util.ArrayList.forEach(ArrayList.java:1596)
	at java.base/java.util.concurrent.FutureTask.run(FutureTask.java:317)
	at java.base/java.util.concurrent.ThreadPoolExecutor.runWorker(ThreadPoolExecutor.java:1144)
	at java.base/java.util.concurrent.ThreadPoolExecutor$Worker.run(ThreadPoolExecutor.java:642)
	at java.base/java.lang.Thread.run(Thread.java:1583)
... Removed 20 stack frames</div></td></tr></table><p class="totop"><a href="#summary">back to summary</a></p>
<h3 id="m7">com.qa.testcase.LoginTest#emptyUsername</h3><table class="result"><tr><th class="invisible"/></tr></table><p class="totop"><a href="#summary">back to summary</a></p>
<h3 id="m8">com.qa.testcase.LoginTest#invalidUserName</h3><table class="result"><tr><th class="invisible"/></tr></table><p class="totop"><a href="#summary">back to summary</a></p>
<h3 id="m9">com.qa.testcase.ProductsTest#validLogin</h3><table class="result"><tr><th class="invisible"/></tr></table><p class="totop"><a href="#summary">back to summary</a></p>
<h2>iOS</h2><h3 id="m10">com.qa.testcase.LoginTest#validLogin</h3><table class="result"><tr><th>Messages</th></tr><tr><td><div class="messages">This is the sample screenshot<br/><a href = '/Users/abishekr/IdeaProjects/Framwork_Scratch/Screenshots/iOS_iPhone 15 Plus_0FF07A15-687E-47A8-9F0A-5D58CC7A17D4/2024-03-16-21-40-22/LoginTest/validLogin.png'> <img src = '/Users/abishekr/IdeaProjects/Framwork_Scratch/Screenshots/iOS_iPhone 15 Plus_0FF07A15-687E-47A8-9F0A-5D58CC7A17D4/2024-03-16-21-40-22/LoginTest/validLogin.png' height = '100' width '100'/></a></div></td></tr><tr><th>Exception</th></tr><tr><td><div class="stacktrace">java.lang.AssertionError: expected [PRODUCTStes] but found [PRODUCTS]
	at com.qa.testcase.LoginTest.validLogin(LoginTest.java:149)
	at java.base/java.util.ArrayList.forEach(ArrayList.java:1596)
	at java.base/java.util.concurrent.FutureTask.run(FutureTask.java:317)
	at java.base/java.util.concurrent.ThreadPoolExecutor.runWorker(ThreadPoolExecutor.java:1144)
	at java.base/java.util.concurrent.ThreadPoolExecutor$Worker.run(ThreadPoolExecutor.java:642)
	at java.base/java.lang.Thread.run(Thread.java:1583)
... Removed 21 stack frames</div></td></tr></table><p class="totop"><a href="#summary">back to summary</a></p>
<h3 id="m11">com.qa.testcase.ProductsTest#validLogin</h3><table class="result"><tr><th>Messages</th></tr><tr><td><div class="messages">This is the sample screenshot<br/><a href = '/Users/abishekr/IdeaProjects/Framwork_Scratch/Screenshots/iOS_iPhone 15 Plus_0FF07A15-687E-47A8-9F0A-5D58CC7A17D4/2024-03-16-21-40-59/ProductsTest/validLogin.png'> <img src = '/Users/abishekr/IdeaProjects/Framwork_Scratch/Screenshots/iOS_iPhone 15 Plus_0FF07A15-687E-47A8-9F0A-5D58CC7A17D4/2024-03-16-21-40-59/ProductsTest/validLogin.png' height = '100' width '100'/></a></div></td></tr><tr><th>Exception</th></tr><tr><td><div class="stacktrace">org.openqa.selenium.UnsupportedCommandException: {&quot;value&quot;:{&quot;error&quot;:&quot;unknown method&quot;,&quot;message&quot;:&quot;Method is not implemented&quot;,&quot;stacktrace&quot;:&quot;NotImplementedError: Method is not implemented\n    at XCUITestDriver.execute (/Users/abishekr/.appium/node_modules/appium-xcuitest-driver/lib/commands/execute.js:124:13)\n    at commandExecutor (/usr/local/lib/node_modules/appium/node_modules/@appium/base-driver/lib/basedriver/driver.ts:107:18)\n    at /usr/local/lib/node_modules/appium/node_modules/async-lock/lib/index.js:171:12\n    at AsyncLock._promiseTry (/usr/local/lib/node_modules/appium/node_modules/async-lock/lib/index.js:304:31)\n    at exec (/usr/local/lib/node_modules/appium/node_modules/async-lock/lib/index.js:170:9)\n    at AsyncLock.acquire (/usr/local/lib/node_modules/appium/node_modules/async-lock/lib/index.js:187:3)\n    at XCUITestDriver.executeCommand (/usr/local/lib/node_modules/appium/node_modules/@appium/base-driver/lib/basedriver/driver.ts:123:39)\n    at processTicksAndRejections (node:internal/process/task_queues:95:5)\n    at XCUITestDriver.executeCommand (/Users/abishekr/.appium/node_modules/appium-xcuitest-driver/lib/driver.js:1068:12)\n    at defaultBehavior (/usr/local/lib/node_modules/appium/lib/appium.js:722:14)\n    at AppiumDriver.executeWrappedCommand (/usr/local/lib/node_modules/appium/lib/appium.js:828:16)\n    at AppiumDriver.executeCommand (/usr/local/lib/node_modules/appium/lib/appium.js:734:17)\n    at asyncHandler (/usr/local/lib/node_modules/appium/node_modules/@appium/base-driver/lib/protocol/protocol.js:393:19)&quot;}}
Command duration or timeout: 14 milliseconds
Build info: version: &apos;4.18.1&apos;, revision: &apos;b1d3319b48&apos;
System info: os.name: &apos;Mac OS X&apos;, os.arch: &apos;aarch64&apos;, os.version: &apos;14.2.1&apos;, java.version: &apos;21&apos;
Driver info: io.appium.java_client.ios.IOSDriver
Command: [d7f17dd2-c12b-4c97-a1e4-f2f6f17a21cd, executeScript {script=mobile: clickGesture, args=[{x=29, y=53}]}]
Capabilities {appium:app: /Users/abishekr/IdeaProject..., appium:automationName: XCUITest, appium:databaseEnabled: false, appium:deviceName: iPhone 15 Plus, appium:javascriptEnabled: true, appium:locationContextEnabled: false, appium:networkConnectionEnabled: false, appium:takesScreenshot: true, appium:udid: 0FF07A15-687E-47A8-9F0A-5D5..., appium:wdaLocalPort: 10001, appium:webStorageEnabled: false, appium:webkitDebugProxyPort: iOSOnly, platformName: IOS}
Session ID: d7f17dd2-c12b-4c97-a1e4-f2f6f17a21cd
	at org.openqa.selenium.remote.ErrorHandler.createThrowable(ErrorHandler.java:221)
	at org.openqa.selenium.remote.ErrorHandler.throwIfResponseFailed(ErrorHandler.java:170)
	at org.openqa.selenium.remote.RemoteWebDriver.execute(RemoteWebDriver.java:572)
	at org.openqa.selenium.remote.RemoteWebDriver.executeScript(RemoteWebDriver.java:464)
	at com.qa.BaseTest.tapByCoordinates(BaseTest.java:344)
	at com.qa.pages.ProductsPage.clickHamburgerMenu(ProductsPage.java:75)
	at com.qa.testcase.ProductsTest.validLogin(ProductsTest.java:129)
	at java.base/java.util.ArrayList.forEach(ArrayList.java:1596)
	at java.base/java.util.concurrent.FutureTask.run(FutureTask.java:317)
	at java.base/java.util.concurrent.ThreadPoolExecutor.runWorker(ThreadPoolExecutor.java:1144)
	at java.base/java.util.concurrent.ThreadPoolExecutor$Worker.run(ThreadPoolExecutor.java:642)
	at java.base/java.lang.Thread.run(Thread.java:1583)
... Removed 18 stack frames</div></td></tr></table><p class="totop"><a href="#summary">back to summary</a></p>
<h3 id="m12">com.qa.testcase.LoginTest#emptyUsername</h3><table class="result"><tr><th class="invisible"/></tr></table><p class="totop"><a href="#summary">back to summary</a></p>
<h3 id="m13">com.qa.testcase.LoginTest#invalidUserName</h3><table class="result"><tr><th class="invisible"/></tr></table><p class="totop"><a href="#summary">back to summary</a></p>
<h3 id="m14">com.qa.testcase.ProductsTest#getProductDes</h3><table class="result"><tr><th class="invisible"/></tr></table><p class="totop"><a href="#summary">back to summary</a></p>
</body>
</html>
