<?xml version="1.0" encoding="UTF-8"?>
<!-- Generated by org.testng.reporters.JUnitReportReporter -->
<testsuite hostname="Abisheks-MacBook-Air.local" failures="0" tests="6" name="com.qa.testcase.ProductsTest" time="49.414" errors="3" timestamp="2024-03-16T21:41:28 IST" skipped="0">
  <testcase classname="com.qa.testcase.ProductsTest" name="getProductDes" time="6.904">
    <error message="&#039;label&#039; attribute is unknown for the element. Only the following attributes are supported: [checkable, checked, {class,className}, clickable, {content-desc,contentDescription}, enabled, focusable, focused, {long-clickable,longClickable}, package, password, {resource-id,resourceId}, scrollable, selection-start, selection-end, selected, {text,name}, hint, extras, bounds, displayed, contentSize]
Build info: version: &#039;4.18.1&#039;, revision: &#039;b1d3319b48&#039;
System info: os.name: &#039;Mac OS X&#039;, os.arch: &#039;aarch64&#039;, os.version: &#039;14.2.1&#039;, java.version: &#039;21&#039;
Driver info: io.appium.java_client.android.AndroidDriver
Command: [a512704c-05c9-4eae-bd18-ed3755d4ded7, getElementAttribute {name=label, id=00000000-0000-00a8-ffff-ffff00000091}]
Capabilities {appium:app: /Users/abishekr/IdeaProject..., appium:appActivity: com.swaglabsmobileapp.MainA..., appium:appPackage: com.swaglabsmobileapp, appium:automationName: UiAutomator2, appium:chromeDriverPort: 11000, appium:databaseEnabled: false, appium:desired: {app: /Users/abishekr/IdeaProject..., appActivity: com.swaglabsmobileapp.MainA..., appPackage: com.swaglabsmobileapp, automationName: UiAutomator2, chromeDriverPort: 11000, deviceName: Pixel4, platformName: ANDROID, udid: emulator-5554}, appium:deviceApiLevel: 34, appium:deviceManufacturer: Google, appium:deviceModel: sdk_gphone64_arm64, appium:deviceName: emulator-5554, appium:deviceScreenDensity: 440, appium:deviceScreenSize: 1080x2280, appium:deviceUDID: emulator-5554, appium:javascriptEnabled: true, appium:locationContextEnabled: false, appium:networkConnectionEnabled: true, appium:pixelRatio: 2.75, appium:platformVersion: 14, appium:statBarHeight: 83, appium:takesScreenshot: true, appium:udid: emulator-5554, appium:viewportRect: {height: 2131, left: 0, top: 83, width: 1080}, appium:warnings: {}, appium:webStorageEnabled: false, platformName: ANDROID}
Element: [[AndroidDriver:  on ANDROID (a512704c-05c9-4eae-bd18-ed3755d4ded7)] -&gt; xpath: //android.view.ViewGroup[@content-desc=&quot;test-Description&quot;]/android.widget.TextView[1]]
Session ID: a512704c-05c9-4eae-bd18-ed3755d4ded7" type="org.openqa.selenium.UnsupportedCommandException">
      <![CDATA[org.openqa.selenium.UnsupportedCommandException: 'label' attribute is unknown for the element. Only the following attributes are supported: [checkable, checked, {class,className}, clickable, {content-desc,contentDescription}, enabled, focusable, focused, {long-clickable,longClickable}, package, password, {resource-id,resourceId}, scrollable, selection-start, selection-end, selected, {text,name}, hint, extras, bounds, displayed, contentSize]
Build info: version: '4.18.1', revision: 'b1d3319b48'
System info: os.name: 'Mac OS X', os.arch: 'aarch64', os.version: '14.2.1', java.version: '21'
Driver info: io.appium.java_client.android.AndroidDriver
Command: [a512704c-05c9-4eae-bd18-ed3755d4ded7, getElementAttribute {name=label, id=00000000-0000-00a8-ffff-ffff00000091}]
Capabilities {appium:app: /Users/abishekr/IdeaProject..., appium:appActivity: com.swaglabsmobileapp.MainA..., appium:appPackage: com.swaglabsmobileapp, appium:automationName: UiAutomator2, appium:chromeDriverPort: 11000, appium:databaseEnabled: false, appium:desired: {app: /Users/abishekr/IdeaProject..., appActivity: com.swaglabsmobileapp.MainA..., appPackage: com.swaglabsmobileapp, automationName: UiAutomator2, chromeDriverPort: 11000, deviceName: Pixel4, platformName: ANDROID, udid: emulator-5554}, appium:deviceApiLevel: 34, appium:deviceManufacturer: Google, appium:deviceModel: sdk_gphone64_arm64, appium:deviceName: emulator-5554, appium:deviceScreenDensity: 440, appium:deviceScreenSize: 1080x2280, appium:deviceUDID: emulator-5554, appium:javascriptEnabled: true, appium:locationContextEnabled: false, appium:networkConnectionEnabled: true, appium:pixelRatio: 2.75, appium:platformVersion: 14, appium:statBarHeight: 83, appium:takesScreenshot: true, appium:udid: emulator-5554, appium:viewportRect: {height: 2131, left: 0, top: 83, width: 1080}, appium:warnings: {}, appium:webStorageEnabled: false, platformName: ANDROID}
Element: [[AndroidDriver:  on ANDROID (a512704c-05c9-4eae-bd18-ed3755d4ded7)] -> xpath: //android.view.ViewGroup[@content-desc="test-Description"]/android.widget.TextView[1]]
Session ID: a512704c-05c9-4eae-bd18-ed3755d4ded7
at java.base/jdk.internal.reflect.DirectConstructorHandleAccessor.newInstance(DirectConstructorHandleAccessor.java:62)
at java.base/java.lang.reflect.Constructor.newInstanceWithCaller(Constructor.java:502)
at java.base/java.lang.reflect.Constructor.newInstance(Constructor.java:486)
at org.openqa.selenium.remote.ErrorCodec.decode(ErrorCodec.java:167)
at org.openqa.selenium.remote.codec.w3c.W3CHttpResponseCodec.decode(W3CHttpResponseCodec.java:138)
at org.openqa.selenium.remote.codec.w3c.W3CHttpResponseCodec.decode(W3CHttpResponseCodec.java:50)
at org.openqa.selenium.remote.HttpCommandExecutor.execute(HttpCommandExecutor.java:190)
at io.appium.java_client.remote.AppiumCommandExecutor.execute(AppiumCommandExecutor.java:237)
at org.openqa.selenium.remote.RemoteWebDriver.execute(RemoteWebDriver.java:519)
at org.openqa.selenium.remote.RemoteWebElement.execute(RemoteWebElement.java:223)
at org.openqa.selenium.remote.RemoteWebElement.getAttribute(RemoteWebElement.java:149)
at java.base/jdk.internal.reflect.DirectMethodHandleAccessor.invoke(DirectMethodHandleAccessor.java:103)
at java.base/java.lang.reflect.Method.invoke(Method.java:580)
at io.appium.java_client.pagefactory.ElementInterceptor.getObject(ElementInterceptor.java:42)
at io.appium.java_client.pagefactory.interceptors.InterceptorOfASingleElement.call(InterceptorOfASingleElement.java:79)
at io.appium.java_client.proxy.Interceptor.intercept(Interceptor.java:78)
at org.openqa.selenium.remote.RemoteWebElement$ByteBuddy$ivyRcXVa.getAttribute(Unknown Source)
at com.qa.BaseTest.getAttribute(BaseTest.java:306)
at com.qa.BaseTest.getText(BaseTest.java:329)
at com.qa.pages.ProductDetailsPage.getProductName(ProductDetailsPage.java:61)
at com.qa.testcase.ProductsTest.getProductDes(ProductsTest.java:157)
at java.base/jdk.internal.reflect.DirectMethodHandleAccessor.invoke(DirectMethodHandleAccessor.java:103)
at java.base/java.lang.reflect.Method.invoke(Method.java:580)
at org.testng.internal.invokers.MethodInvocationHelper.invokeMethod(MethodInvocationHelper.java:139)
at org.testng.internal.invokers.TestInvoker.invokeMethod(TestInvoker.java:664)
at org.testng.internal.invokers.TestInvoker.invokeTestMethod(TestInvoker.java:228)
at org.testng.internal.invokers.MethodRunner.runInSequence(MethodRunner.java:63)
at org.testng.internal.invokers.TestInvoker$MethodInvocationAgent.invoke(TestInvoker.java:961)
at org.testng.internal.invokers.TestInvoker.invokeTestMethods(TestInvoker.java:201)
at org.testng.internal.invokers.TestMethodWorker.invokeTestMethods(TestMethodWorker.java:148)
at org.testng.internal.invokers.TestMethodWorker.run(TestMethodWorker.java:128)
at java.base/java.util.ArrayList.forEach(ArrayList.java:1596)
at org.testng.TestRunner.privateRun(TestRunner.java:819)
at org.testng.TestRunner.run(TestRunner.java:619)
at org.testng.SuiteRunner.runTest(SuiteRunner.java:443)
at org.testng.SuiteRunner$SuiteWorker.run(SuiteRunner.java:481)
at org.testng.internal.thread.ThreadUtil.lambda$execute$0(ThreadUtil.java:58)
at java.base/java.util.concurrent.FutureTask.run(FutureTask.java:317)
at java.base/java.util.concurrent.ThreadPoolExecutor.runWorker(ThreadPoolExecutor.java:1144)
at java.base/java.util.concurrent.ThreadPoolExecutor$Worker.run(ThreadPoolExecutor.java:642)
at java.base/java.lang.Thread.run(Thread.java:1583)
]]>
    </error>
    <system-out>
      <![CDATA[This is the sample screenshot
<a href = '/Users/abishekr/IdeaProjects/Framwork_Scratch/Screenshots/Android_Pixel4_emulator-5554/2024-03-16-21-40-50/ProductsTest/getProductDes.png'> <img src = '/Users/abishekr/IdeaProjects/Framwork_Scratch/Screenshots/Android_Pixel4_emulator-5554/2024-03-16-21-40-50/ProductsTest/getProductDes.png' height = '100' width '100'/></a>]]>
    </system-out>
  </testcase> <!-- getProductDes -->
  <testcase classname="com.qa.testcase.ProductsTest" name="getProductDes" time="12.059"/>
  <testcase classname="com.qa.testcase.ProductsTest" name="validLogin" time="8.270"/>
  <testcase classname="com.qa.testcase.ProductsTest" name="getProductDes" time="7.253">
    <error message="&#039;label&#039; attribute is unknown for the element. Only the following attributes are supported: [checkable, checked, {class,className}, clickable, {content-desc,contentDescription}, enabled, focusable, focused, {long-clickable,longClickable}, package, password, {resource-id,resourceId}, scrollable, selection-start, selection-end, selected, {text,name}, hint, extras, bounds, displayed, contentSize]
Build info: version: &#039;4.18.1&#039;, revision: &#039;b1d3319b48&#039;
System info: os.name: &#039;Mac OS X&#039;, os.arch: &#039;aarch64&#039;, os.version: &#039;14.2.1&#039;, java.version: &#039;21&#039;
Driver info: io.appium.java_client.android.AndroidDriver
Command: [6d0af731-b87c-47a2-b31e-cd0c144ee090, getElementAttribute {name=label, id=00000000-0000-005f-ffff-ffff00000093}]
Capabilities {appium:app: /Users/abishekr/IdeaProject..., appium:appActivity: com.swaglabsmobileapp.MainA..., appium:appPackage: com.swaglabsmobileapp, appium:automationName: UiAutomator2, appium:chromeDriverPort: 11002, appium:databaseEnabled: false, appium:desired: {app: /Users/abishekr/IdeaProject..., appActivity: com.swaglabsmobileapp.MainA..., appPackage: com.swaglabsmobileapp, automationName: UiAutomator2, chromeDriverPort: 11002, deviceName: Abi&#039;s S20 FE, platformName: ANDROID, udid: RZCW111YE0V}, appium:deviceApiLevel: 33, appium:deviceManufacturer: samsung, appium:deviceModel: SM-G781B, appium:deviceName: RZCW111YE0V, appium:deviceScreenDensity: 480, appium:deviceScreenSize: 1080x2400, appium:deviceUDID: RZCW111YE0V, appium:javascriptEnabled: true, appium:locationContextEnabled: false, appium:networkConnectionEnabled: true, appium:pixelRatio: 3, appium:platformVersion: 13, appium:statBarHeight: 88, appium:takesScreenshot: true, appium:udid: RZCW111YE0V, appium:viewportRect: {height: 2179, left: 0, top: 88, width: 1080}, appium:warnings: {}, appium:webStorageEnabled: false, platformName: ANDROID}
Element: [[AndroidDriver:  on ANDROID (6d0af731-b87c-47a2-b31e-cd0c144ee090)] -&gt; xpath: //android.view.ViewGroup[@content-desc=&quot;test-Description&quot;]/android.widget.TextView[1]]
Session ID: 6d0af731-b87c-47a2-b31e-cd0c144ee090" type="org.openqa.selenium.UnsupportedCommandException">
      <![CDATA[org.openqa.selenium.UnsupportedCommandException: 'label' attribute is unknown for the element. Only the following attributes are supported: [checkable, checked, {class,className}, clickable, {content-desc,contentDescription}, enabled, focusable, focused, {long-clickable,longClickable}, package, password, {resource-id,resourceId}, scrollable, selection-start, selection-end, selected, {text,name}, hint, extras, bounds, displayed, contentSize]
Build info: version: '4.18.1', revision: 'b1d3319b48'
System info: os.name: 'Mac OS X', os.arch: 'aarch64', os.version: '14.2.1', java.version: '21'
Driver info: io.appium.java_client.android.AndroidDriver
Command: [6d0af731-b87c-47a2-b31e-cd0c144ee090, getElementAttribute {name=label, id=00000000-0000-005f-ffff-ffff00000093}]
Capabilities {appium:app: /Users/abishekr/IdeaProject..., appium:appActivity: com.swaglabsmobileapp.MainA..., appium:appPackage: com.swaglabsmobileapp, appium:automationName: UiAutomator2, appium:chromeDriverPort: 11002, appium:databaseEnabled: false, appium:desired: {app: /Users/abishekr/IdeaProject..., appActivity: com.swaglabsmobileapp.MainA..., appPackage: com.swaglabsmobileapp, automationName: UiAutomator2, chromeDriverPort: 11002, deviceName: Abi's S20 FE, platformName: ANDROID, udid: RZCW111YE0V}, appium:deviceApiLevel: 33, appium:deviceManufacturer: samsung, appium:deviceModel: SM-G781B, appium:deviceName: RZCW111YE0V, appium:deviceScreenDensity: 480, appium:deviceScreenSize: 1080x2400, appium:deviceUDID: RZCW111YE0V, appium:javascriptEnabled: true, appium:locationContextEnabled: false, appium:networkConnectionEnabled: true, appium:pixelRatio: 3, appium:platformVersion: 13, appium:statBarHeight: 88, appium:takesScreenshot: true, appium:udid: RZCW111YE0V, appium:viewportRect: {height: 2179, left: 0, top: 88, width: 1080}, appium:warnings: {}, appium:webStorageEnabled: false, platformName: ANDROID}
Element: [[AndroidDriver:  on ANDROID (6d0af731-b87c-47a2-b31e-cd0c144ee090)] -> xpath: //android.view.ViewGroup[@content-desc="test-Description"]/android.widget.TextView[1]]
Session ID: 6d0af731-b87c-47a2-b31e-cd0c144ee090
at java.base/jdk.internal.reflect.DirectConstructorHandleAccessor.newInstance(DirectConstructorHandleAccessor.java:62)
at java.base/java.lang.reflect.Constructor.newInstanceWithCaller(Constructor.java:502)
at java.base/java.lang.reflect.Constructor.newInstance(Constructor.java:486)
at org.openqa.selenium.remote.ErrorCodec.decode(ErrorCodec.java:167)
at org.openqa.selenium.remote.codec.w3c.W3CHttpResponseCodec.decode(W3CHttpResponseCodec.java:138)
at org.openqa.selenium.remote.codec.w3c.W3CHttpResponseCodec.decode(W3CHttpResponseCodec.java:50)
at org.openqa.selenium.remote.HttpCommandExecutor.execute(HttpCommandExecutor.java:190)
at io.appium.java_client.remote.AppiumCommandExecutor.execute(AppiumCommandExecutor.java:237)
at org.openqa.selenium.remote.RemoteWebDriver.execute(RemoteWebDriver.java:519)
at org.openqa.selenium.remote.RemoteWebElement.execute(RemoteWebElement.java:223)
at org.openqa.selenium.remote.RemoteWebElement.getAttribute(RemoteWebElement.java:149)
at java.base/jdk.internal.reflect.DirectMethodHandleAccessor.invoke(DirectMethodHandleAccessor.java:103)
at java.base/java.lang.reflect.Method.invoke(Method.java:580)
at io.appium.java_client.pagefactory.ElementInterceptor.getObject(ElementInterceptor.java:42)
at io.appium.java_client.pagefactory.interceptors.InterceptorOfASingleElement.call(InterceptorOfASingleElement.java:79)
at io.appium.java_client.proxy.Interceptor.intercept(Interceptor.java:78)
at org.openqa.selenium.remote.RemoteWebElement$ByteBuddy$JTK9zt2y.getAttribute(Unknown Source)
at com.qa.BaseTest.getAttribute(BaseTest.java:306)
at com.qa.BaseTest.getText(BaseTest.java:329)
at com.qa.pages.ProductDetailsPage.getProductName(ProductDetailsPage.java:61)
at com.qa.testcase.ProductsTest.getProductDes(ProductsTest.java:157)
at java.base/jdk.internal.reflect.DirectMethodHandleAccessor.invoke(DirectMethodHandleAccessor.java:103)
at java.base/java.lang.reflect.Method.invoke(Method.java:580)
at org.testng.internal.invokers.MethodInvocationHelper.invokeMethod(MethodInvocationHelper.java:139)
at org.testng.internal.invokers.TestInvoker.invokeMethod(TestInvoker.java:664)
at org.testng.internal.invokers.TestInvoker.invokeTestMethod(TestInvoker.java:228)
at org.testng.internal.invokers.MethodRunner.runInSequence(MethodRunner.java:63)
at org.testng.internal.invokers.TestInvoker$MethodInvocationAgent.invoke(TestInvoker.java:961)
at org.testng.internal.invokers.TestInvoker.invokeTestMethods(TestInvoker.java:201)
at org.testng.internal.invokers.TestMethodWorker.invokeTestMethods(TestMethodWorker.java:148)
at org.testng.internal.invokers.TestMethodWorker.run(TestMethodWorker.java:128)
at java.base/java.util.ArrayList.forEach(ArrayList.java:1596)
at org.testng.TestRunner.privateRun(TestRunner.java:819)
at org.testng.TestRunner.run(TestRunner.java:619)
at org.testng.SuiteRunner.runTest(SuiteRunner.java:443)
at org.testng.SuiteRunner$SuiteWorker.run(SuiteRunner.java:481)
at org.testng.internal.thread.ThreadUtil.lambda$execute$0(ThreadUtil.java:58)
at java.base/java.util.concurrent.FutureTask.run(FutureTask.java:317)
at java.base/java.util.concurrent.ThreadPoolExecutor.runWorker(ThreadPoolExecutor.java:1144)
at java.base/java.util.concurrent.ThreadPoolExecutor$Worker.run(ThreadPoolExecutor.java:642)
at java.base/java.lang.Thread.run(Thread.java:1583)
]]>
    </error>
    <system-out>
      <![CDATA[This is the sample screenshot
<a href = '/Users/abishekr/IdeaProjects/Framwork_Scratch/Screenshots/Android_Abi's S20 FE_RZCW111YE0V/2024-03-16-21-40-45/ProductsTest/getProductDes.png'> <img src = '/Users/abishekr/IdeaProjects/Framwork_Scratch/Screenshots/Android_Abi's S20 FE_RZCW111YE0V/2024-03-16-21-40-45/ProductsTest/getProductDes.png' height = '100' width '100'/></a>]]>
    </system-out>
  </testcase> <!-- getProductDes -->
  <testcase classname="com.qa.testcase.ProductsTest" name="validLogin" time="8.620">
    <error message="{&quot;value&quot;:{&quot;error&quot;:&quot;unknown method&quot;,&quot;message&quot;:&quot;Method is not implemented&quot;,&quot;stacktrace&quot;:&quot;NotImplementedError: Method is not implemented\n    at XCUITestDriver.execute (/Users/abishekr/.appium/node_modules/appium-xcuitest-driver/lib/commands/execute.js:124:13)\n    at commandExecutor (/usr/local/lib/node_modules/appium/node_modules/@appium/base-driver/lib/basedriver/driver.ts:107:18)\n    at /usr/local/lib/node_modules/appium/node_modules/async-lock/lib/index.js:171:12\n    at AsyncLock._promiseTry (/usr/local/lib/node_modules/appium/node_modules/async-lock/lib/index.js:304:31)\n    at exec (/usr/local/lib/node_modules/appium/node_modules/async-lock/lib/index.js:170:9)\n    at AsyncLock.acquire (/usr/local/lib/node_modules/appium/node_modules/async-lock/lib/index.js:187:3)\n    at XCUITestDriver.executeCommand (/usr/local/lib/node_modules/appium/node_modules/@appium/base-driver/lib/basedriver/driver.ts:123:39)\n    at processTicksAndRejections (node:internal/process/task_queues:95:5)\n    at XCUITestDriver.executeCommand (/Users/abishekr/.appium/node_modules/appium-xcuitest-driver/lib/driver.js:1068:12)\n    at defaultBehavior (/usr/local/lib/node_modules/appium/lib/appium.js:722:14)\n    at AppiumDriver.executeWrappedCommand (/usr/local/lib/node_modules/appium/lib/appium.js:828:16)\n    at AppiumDriver.executeCommand (/usr/local/lib/node_modules/appium/lib/appium.js:734:17)\n    at asyncHandler (/usr/local/lib/node_modules/appium/node_modules/@appium/base-driver/lib/protocol/protocol.js:393:19)&quot;}}
Command duration or timeout: 14 milliseconds
Build info: version: &#039;4.18.1&#039;, revision: &#039;b1d3319b48&#039;
System info: os.name: &#039;Mac OS X&#039;, os.arch: &#039;aarch64&#039;, os.version: &#039;14.2.1&#039;, java.version: &#039;21&#039;
Driver info: io.appium.java_client.ios.IOSDriver
Command: [d7f17dd2-c12b-4c97-a1e4-f2f6f17a21cd, executeScript {script=mobile: clickGesture, args=[{x=29, y=53}]}]
Capabilities {appium:app: /Users/abishekr/IdeaProject..., appium:automationName: XCUITest, appium:databaseEnabled: false, appium:deviceName: iPhone 15 Plus, appium:javascriptEnabled: true, appium:locationContextEnabled: false, appium:networkConnectionEnabled: false, appium:takesScreenshot: true, appium:udid: 0FF07A15-687E-47A8-9F0A-5D5..., appium:wdaLocalPort: 10001, appium:webStorageEnabled: false, appium:webkitDebugProxyPort: iOSOnly, platformName: IOS}
Session ID: d7f17dd2-c12b-4c97-a1e4-f2f6f17a21cd" type="org.openqa.selenium.UnsupportedCommandException">
      <![CDATA[org.openqa.selenium.UnsupportedCommandException: {"value":{"error":"unknown method","message":"Method is not implemented","stacktrace":"NotImplementedError: Method is not implemented\n    at XCUITestDriver.execute (/Users/abishekr/.appium/node_modules/appium-xcuitest-driver/lib/commands/execute.js:124:13)\n    at commandExecutor (/usr/local/lib/node_modules/appium/node_modules/@appium/base-driver/lib/basedriver/driver.ts:107:18)\n    at /usr/local/lib/node_modules/appium/node_modules/async-lock/lib/index.js:171:12\n    at AsyncLock._promiseTry (/usr/local/lib/node_modules/appium/node_modules/async-lock/lib/index.js:304:31)\n    at exec (/usr/local/lib/node_modules/appium/node_modules/async-lock/lib/index.js:170:9)\n    at AsyncLock.acquire (/usr/local/lib/node_modules/appium/node_modules/async-lock/lib/index.js:187:3)\n    at XCUITestDriver.executeCommand (/usr/local/lib/node_modules/appium/node_modules/@appium/base-driver/lib/basedriver/driver.ts:123:39)\n    at processTicksAndRejections (node:internal/process/task_queues:95:5)\n    at XCUITestDriver.executeCommand (/Users/abishekr/.appium/node_modules/appium-xcuitest-driver/lib/driver.js:1068:12)\n    at defaultBehavior (/usr/local/lib/node_modules/appium/lib/appium.js:722:14)\n    at AppiumDriver.executeWrappedCommand (/usr/local/lib/node_modules/appium/lib/appium.js:828:16)\n    at AppiumDriver.executeCommand (/usr/local/lib/node_modules/appium/lib/appium.js:734:17)\n    at asyncHandler (/usr/local/lib/node_modules/appium/node_modules/@appium/base-driver/lib/protocol/protocol.js:393:19)"}}
Command duration or timeout: 14 milliseconds
Build info: version: '4.18.1', revision: 'b1d3319b48'
System info: os.name: 'Mac OS X', os.arch: 'aarch64', os.version: '14.2.1', java.version: '21'
Driver info: io.appium.java_client.ios.IOSDriver
Command: [d7f17dd2-c12b-4c97-a1e4-f2f6f17a21cd, executeScript {script=mobile: clickGesture, args=[{x=29, y=53}]}]
Capabilities {appium:app: /Users/abishekr/IdeaProject..., appium:automationName: XCUITest, appium:databaseEnabled: false, appium:deviceName: iPhone 15 Plus, appium:javascriptEnabled: true, appium:locationContextEnabled: false, appium:networkConnectionEnabled: false, appium:takesScreenshot: true, appium:udid: 0FF07A15-687E-47A8-9F0A-5D5..., appium:wdaLocalPort: 10001, appium:webStorageEnabled: false, appium:webkitDebugProxyPort: iOSOnly, platformName: IOS}
Session ID: d7f17dd2-c12b-4c97-a1e4-f2f6f17a21cd
at java.base/jdk.internal.reflect.DirectConstructorHandleAccessor.newInstance(DirectConstructorHandleAccessor.java:62)
at java.base/java.lang.reflect.Constructor.newInstanceWithCaller(Constructor.java:502)
at java.base/java.lang.reflect.Constructor.newInstance(Constructor.java:486)
at org.openqa.selenium.remote.ErrorHandler.createThrowable(ErrorHandler.java:221)
at org.openqa.selenium.remote.ErrorHandler.throwIfResponseFailed(ErrorHandler.java:170)
at org.openqa.selenium.remote.RemoteWebDriver.execute(RemoteWebDriver.java:572)
at org.openqa.selenium.remote.RemoteWebDriver.executeScript(RemoteWebDriver.java:464)
at com.qa.BaseTest.tapByCoordinates(BaseTest.java:344)
at com.qa.pages.ProductsPage.clickHamburgerMenu(ProductsPage.java:75)
at com.qa.testcase.ProductsTest.validLogin(ProductsTest.java:129)
at java.base/jdk.internal.reflect.DirectMethodHandleAccessor.invoke(DirectMethodHandleAccessor.java:103)
at java.base/java.lang.reflect.Method.invoke(Method.java:580)
at org.testng.internal.invokers.MethodInvocationHelper.invokeMethod(MethodInvocationHelper.java:139)
at org.testng.internal.invokers.TestInvoker.invokeMethod(TestInvoker.java:664)
at org.testng.internal.invokers.TestInvoker.invokeTestMethod(TestInvoker.java:228)
at org.testng.internal.invokers.MethodRunner.runInSequence(MethodRunner.java:63)
at org.testng.internal.invokers.TestInvoker$MethodInvocationAgent.invoke(TestInvoker.java:961)
at org.testng.internal.invokers.TestInvoker.invokeTestMethods(TestInvoker.java:201)
at org.testng.internal.invokers.TestMethodWorker.invokeTestMethods(TestMethodWorker.java:148)
at org.testng.internal.invokers.TestMethodWorker.run(TestMethodWorker.java:128)
at java.base/java.util.ArrayList.forEach(ArrayList.java:1596)
at org.testng.TestRunner.privateRun(TestRunner.java:819)
at org.testng.TestRunner.run(TestRunner.java:619)
at org.testng.SuiteRunner.runTest(SuiteRunner.java:443)
at org.testng.SuiteRunner$SuiteWorker.run(SuiteRunner.java:481)
at org.testng.internal.thread.ThreadUtil.lambda$execute$0(ThreadUtil.java:58)
at java.base/java.util.concurrent.FutureTask.run(FutureTask.java:317)
at java.base/java.util.concurrent.ThreadPoolExecutor.runWorker(ThreadPoolExecutor.java:1144)
at java.base/java.util.concurrent.ThreadPoolExecutor$Worker.run(ThreadPoolExecutor.java:642)
at java.base/java.lang.Thread.run(Thread.java:1583)
]]>
    </error>
    <system-out>
      <![CDATA[This is the sample screenshot
<a href = '/Users/abishekr/IdeaProjects/Framwork_Scratch/Screenshots/iOS_iPhone 15 Plus_0FF07A15-687E-47A8-9F0A-5D58CC7A17D4/2024-03-16-21-40-59/ProductsTest/validLogin.png'> <img src = '/Users/abishekr/IdeaProjects/Framwork_Scratch/Screenshots/iOS_iPhone 15 Plus_0FF07A15-687E-47A8-9F0A-5D58CC7A17D4/2024-03-16-21-40-59/ProductsTest/validLogin.png' height = '100' width '100'/></a>]]>
    </system-out>
  </testcase> <!-- validLogin -->
  <testcase classname="com.qa.testcase.ProductsTest" name="validLogin" time="6.308"/>
  <system-out>
    <![CDATA[This is the sample screenshot
<a href = '/Users/abishekr/IdeaProjects/Framwork_Scratch/Screenshots/Android_Abi's S20 FE_RZCW111YE0V/2024-03-16-21-40-22/LoginTest/validLogin.png'> <img src = '/Users/abishekr/IdeaProjects/Framwork_Scratch/Screenshots/Android_Abi's S20 FE_RZCW111YE0V/2024-03-16-21-40-22/LoginTest/validLogin.png' height = '100' width '100'/></a>
This is the sample screenshot
<a href = '/Users/abishekr/IdeaProjects/Framwork_Scratch/Screenshots/Android_Pixel4_emulator-5554/2024-03-16-21-40-22/LoginTest/validLogin.png'> <img src = '/Users/abishekr/IdeaProjects/Framwork_Scratch/Screenshots/Android_Pixel4_emulator-5554/2024-03-16-21-40-22/LoginTest/validLogin.png' height = '100' width '100'/></a>
This is the sample screenshot
<a href = '/Users/abishekr/IdeaProjects/Framwork_Scratch/Screenshots/Android_Abi's S20 FE_RZCW111YE0V/2024-03-16-21-40-45/ProductsTest/getProductDes.png'> <img src = '/Users/abishekr/IdeaProjects/Framwork_Scratch/Screenshots/Android_Abi's S20 FE_RZCW111YE0V/2024-03-16-21-40-45/ProductsTest/getProductDes.png' height = '100' width '100'/></a>
This is the sample screenshot
<a href = '/Users/abishekr/IdeaProjects/Framwork_Scratch/Screenshots/iOS_iPhone 15 Plus_0FF07A15-687E-47A8-9F0A-5D58CC7A17D4/2024-03-16-21-40-22/LoginTest/validLogin.png'> <img src = '/Users/abishekr/IdeaProjects/Framwork_Scratch/Screenshots/iOS_iPhone 15 Plus_0FF07A15-687E-47A8-9F0A-5D58CC7A17D4/2024-03-16-21-40-22/LoginTest/validLogin.png' height = '100' width '100'/></a>
This is the sample screenshot
<a href = '/Users/abishekr/IdeaProjects/Framwork_Scratch/Screenshots/Android_Pixel4_emulator-5554/2024-03-16-21-40-50/ProductsTest/getProductDes.png'> <img src = '/Users/abishekr/IdeaProjects/Framwork_Scratch/Screenshots/Android_Pixel4_emulator-5554/2024-03-16-21-40-50/ProductsTest/getProductDes.png' height = '100' width '100'/></a>
This is the sample screenshot
<a href = '/Users/abishekr/IdeaProjects/Framwork_Scratch/Screenshots/iOS_iPhone 15 Plus_0FF07A15-687E-47A8-9F0A-5D58CC7A17D4/2024-03-16-21-40-59/ProductsTest/validLogin.png'> <img src = '/Users/abishekr/IdeaProjects/Framwork_Scratch/Screenshots/iOS_iPhone 15 Plus_0FF07A15-687E-47A8-9F0A-5D58CC7A17D4/2024-03-16-21-40-59/ProductsTest/validLogin.png' height = '100' width '100'/></a>]]>
  </system-out>
</testsuite> <!-- com.qa.testcase.ProductsTest -->
