<?xml version="1.0" encoding="UTF-8"?>
<!-- Generated by org.testng.reporters.JUnitReportReporter -->
<testsuite hostname="Abisheks-MacBook-Air.local" failures="3" tests="9" name="com.qa.testcase.LoginTest" time="60.987" errors="0" timestamp="2024-03-16T21:41:28 IST" skipped="0">
  <testcase classname="com.qa.testcase.LoginTest" name="invalidUserName" time="6.333"/>
  <testcase classname="com.qa.testcase.LoginTest" name="invalidUserName" time="7.512"/>
  <testcase classname="com.qa.testcase.LoginTest" name="emptyUsername" time="2.661"/>
  <testcase classname="com.qa.testcase.LoginTest" name="invalidUserName" time="9.516"/>
  <testcase classname="com.qa.testcase.LoginTest" name="validLogin" time="7.995">
    <failure message="expected [PRODUCTStes] but found [PRODUCTS]" type="java.lang.AssertionError">
      <![CDATA[java.lang.AssertionError: expected [PRODUCTStes] but found [PRODUCTS]
at org.testng.Assert.fail(Assert.java:111)
at org.testng.Assert.failNotEquals(Assert.java:1578)
at org.testng.Assert.assertEqualsImpl(Assert.java:150)
at org.testng.Assert.assertEquals(Assert.java:132)
at org.testng.Assert.assertEquals(Assert.java:656)
at org.testng.Assert.assertEquals(Assert.java:666)
at com.qa.testcase.LoginTest.validLogin(LoginTest.java:149)
at java.base/jdk.internal.reflect.DirectMethodHandleAccessor.invoke(DirectMethodHandleAccessor.java:103)
at java.base/java.lang.reflect.Method.invoke(Method.java:580)
at org.testng.internal.invokers.MethodInvocationHelper.invokeMethod(MethodInvocationHelper.java:139)
at org.testng.internal.invokers.TestInvoker.invokeMethod(TestInvoker.java:664)
at org.testng.internal.invokers.TestInvoker.invokeTestMethod(TestInvoker.java:228)
at org.testng.internal.invokers.MethodRunner.runInSequence(MethodRunner.java:63)
at org.testng.internal.invokers.TestInvoker$MethodInvocationAgent.invoke(TestInvoker.java:961)
at org.testng.internal.invokers.TestInvoker.invokeTestMethods(TestInvoker.java:201)
at org.testng.internal.invokers.TestMethodWorker.invokeTestMethods(TestMethodWorker.java:148)
at org.testng.internal.invokers.TestMethodWorker.run(TestMethodWorker.java:128)
at java.base/java.util.ArrayList.forEach(ArrayList.java:1596)
at org.testng.TestRunner.privateRun(TestRunner.java:819)
at org.testng.TestRunner.run(TestRunner.java:619)
at org.testng.SuiteRunner.runTest(SuiteRunner.java:443)
at org.testng.SuiteRunner$SuiteWorker.run(SuiteRunner.java:481)
at org.testng.internal.thread.ThreadUtil.lambda$execute$0(ThreadUtil.java:58)
at java.base/java.util.concurrent.FutureTask.run(FutureTask.java:317)
at java.base/java.util.concurrent.ThreadPoolExecutor.runWorker(ThreadPoolExecutor.java:1144)
at java.base/java.util.concurrent.ThreadPoolExecutor$Worker.run(ThreadPoolExecutor.java:642)
at java.base/java.lang.Thread.run(Thread.java:1583)
]]>
    </failure>
    <system-out>
      <![CDATA[This is the sample screenshot
<a href = '/Users/abishekr/IdeaProjects/Framwork_Scratch/Screenshots/iOS_iPhone 15 Plus_0FF07A15-687E-47A8-9F0A-5D58CC7A17D4/2024-03-16-21-40-22/LoginTest/validLogin.png'> <img src = '/Users/abishekr/IdeaProjects/Framwork_Scratch/Screenshots/iOS_iPhone 15 Plus_0FF07A15-687E-47A8-9F0A-5D58CC7A17D4/2024-03-16-21-40-22/LoginTest/validLogin.png' height = '100' width '100'/></a>]]>
    </system-out>
  </testcase> <!-- validLogin -->
  <testcase classname="com.qa.testcase.LoginTest" name="emptyUsername" time="4.022"/>
  <testcase classname="com.qa.testcase.LoginTest" name="validLogin" time="6.368">
    <failure message="expected [PRODUCTStes] but found [PRODUCTS]" type="java.lang.AssertionError">
      <![CDATA[java.lang.AssertionError: expected [PRODUCTStes] but found [PRODUCTS]
at org.testng.Assert.fail(Assert.java:111)
at org.testng.Assert.failNotEquals(Assert.java:1578)
at org.testng.Assert.assertEqualsImpl(Assert.java:150)
at org.testng.Assert.assertEquals(Assert.java:132)
at org.testng.Assert.assertEquals(Assert.java:656)
at org.testng.Assert.assertEquals(Assert.java:666)
at com.qa.testcase.LoginTest.validLogin(LoginTest.java:149)
at java.base/jdk.internal.reflect.DirectMethodHandleAccessor.invoke(DirectMethodHandleAccessor.java:103)
at java.base/java.lang.reflect.Method.invoke(Method.java:580)
at org.testng.internal.invokers.MethodInvocationHelper.invokeMethod(MethodInvocationHelper.java:139)
at org.testng.internal.invokers.TestInvoker.invokeMethod(TestInvoker.java:664)
at org.testng.internal.invokers.TestInvoker.invokeTestMethod(TestInvoker.java:228)
at org.testng.internal.invokers.MethodRunner.runInSequence(MethodRunner.java:63)
at org.testng.internal.invokers.TestInvoker$MethodInvocationAgent.invoke(TestInvoker.java:961)
at org.testng.internal.invokers.TestInvoker.invokeTestMethods(TestInvoker.java:201)
at org.testng.internal.invokers.TestMethodWorker.invokeTestMethods(TestMethodWorker.java:148)
at org.testng.internal.invokers.TestMethodWorker.run(TestMethodWorker.java:128)
at java.base/java.util.ArrayList.forEach(ArrayList.java:1596)
at org.testng.TestRunner.privateRun(TestRunner.java:819)
at org.testng.TestRunner.run(TestRunner.java:619)
at org.testng.SuiteRunner.runTest(SuiteRunner.java:443)
at org.testng.SuiteRunner$SuiteWorker.run(SuiteRunner.java:481)
at org.testng.internal.thread.ThreadUtil.lambda$execute$0(ThreadUtil.java:58)
at java.base/java.util.concurrent.FutureTask.run(FutureTask.java:317)
at java.base/java.util.concurrent.ThreadPoolExecutor.runWorker(ThreadPoolExecutor.java:1144)
at java.base/java.util.concurrent.ThreadPoolExecutor$Worker.run(ThreadPoolExecutor.java:642)
at java.base/java.lang.Thread.run(Thread.java:1583)
]]>
    </failure>
    <system-out>
      <![CDATA[This is the sample screenshot
<a href = '/Users/abishekr/IdeaProjects/Framwork_Scratch/Screenshots/Android_Abi's S20 FE_RZCW111YE0V/2024-03-16-21-40-22/LoginTest/validLogin.png'> <img src = '/Users/abishekr/IdeaProjects/Framwork_Scratch/Screenshots/Android_Abi's S20 FE_RZCW111YE0V/2024-03-16-21-40-22/LoginTest/validLogin.png' height = '100' width '100'/></a>]]>
    </system-out>
  </testcase> <!-- validLogin -->
  <testcase classname="com.qa.testcase.LoginTest" name="emptyUsername" time="9.614"/>
  <testcase classname="com.qa.testcase.LoginTest" name="validLogin" time="6.966">
    <failure message="expected [PRODUCTStes] but found [PRODUCTS]" type="java.lang.AssertionError">
      <![CDATA[java.lang.AssertionError: expected [PRODUCTStes] but found [PRODUCTS]
at org.testng.Assert.fail(Assert.java:111)
at org.testng.Assert.failNotEquals(Assert.java:1578)
at org.testng.Assert.assertEqualsImpl(Assert.java:150)
at org.testng.Assert.assertEquals(Assert.java:132)
at org.testng.Assert.assertEquals(Assert.java:656)
at org.testng.Assert.assertEquals(Assert.java:666)
at com.qa.testcase.LoginTest.validLogin(LoginTest.java:149)
at java.base/jdk.internal.reflect.DirectMethodHandleAccessor.invoke(DirectMethodHandleAccessor.java:103)
at java.base/java.lang.reflect.Method.invoke(Method.java:580)
at org.testng.internal.invokers.MethodInvocationHelper.invokeMethod(MethodInvocationHelper.java:139)
at org.testng.internal.invokers.TestInvoker.invokeMethod(TestInvoker.java:664)
at org.testng.internal.invokers.TestInvoker.invokeTestMethod(TestInvoker.java:228)
at org.testng.internal.invokers.MethodRunner.runInSequence(MethodRunner.java:63)
at org.testng.internal.invokers.TestInvoker$MethodInvocationAgent.invoke(TestInvoker.java:961)
at org.testng.internal.invokers.TestInvoker.invokeTestMethods(TestInvoker.java:201)
at org.testng.internal.invokers.TestMethodWorker.invokeTestMethods(TestMethodWorker.java:148)
at org.testng.internal.invokers.TestMethodWorker.run(TestMethodWorker.java:128)
at java.base/java.util.ArrayList.forEach(ArrayList.java:1596)
at org.testng.TestRunner.privateRun(TestRunner.java:819)
at org.testng.TestRunner.run(TestRunner.java:619)
at org.testng.SuiteRunner.runTest(SuiteRunner.java:443)
at org.testng.SuiteRunner$SuiteWorker.run(SuiteRunner.java:481)
at org.testng.internal.thread.ThreadUtil.lambda$execute$0(ThreadUtil.java:58)
at java.base/java.util.concurrent.FutureTask.run(FutureTask.java:317)
at java.base/java.util.concurrent.ThreadPoolExecutor.runWorker(ThreadPoolExecutor.java:1144)
at java.base/java.util.concurrent.ThreadPoolExecutor$Worker.run(ThreadPoolExecutor.java:642)
at java.base/java.lang.Thread.run(Thread.java:1583)
]]>
    </failure>
    <system-out>
      <![CDATA[This is the sample screenshot
<a href = '/Users/abishekr/IdeaProjects/Framwork_Scratch/Screenshots/Android_Pixel4_emulator-5554/2024-03-16-21-40-22/LoginTest/validLogin.png'> <img src = '/Users/abishekr/IdeaProjects/Framwork_Scratch/Screenshots/Android_Pixel4_emulator-5554/2024-03-16-21-40-22/LoginTest/validLogin.png' height = '100' width '100'/></a>]]>
    </system-out>
  </testcase> <!-- validLogin -->
  <system-out>
    <![CDATA[This is the sample screenshot
<a href = '/Users/abishekr/IdeaProjects/Framwork_Scratch/Screenshots/Android_Abi's S20 FE_RZCW111YE0V/2024-03-16-21-40-22/LoginTest/validLogin.png'> <img src = '/Users/abishekr/IdeaProjects/Framwork_Scratch/Screenshots/Android_Abi's S20 FE_RZCW111YE0V/2024-03-16-21-40-22/LoginTest/validLogin.png' height = '100' width '100'/></a>
This is the sample screenshot
<a href = '/Users/abishekr/IdeaProjects/Framwork_Scratch/Screenshots/Android_Pixel4_emulator-5554/2024-03-16-21-40-22/LoginTest/validLogin.png'> <img src = '/Users/abishekr/IdeaProjects/Framwork_Scratch/Screenshots/Android_Pixel4_emulator-5554/2024-03-16-21-40-22/LoginTest/validLogin.png' height = '100' width '100'/></a>
This is the sample screenshot
<a href = '/Users/abishekr/IdeaProjects/Framwork_Scratch/Screenshots/Android_Abi's S20 FE_RZCW111YE0V/2024-03-16-21-40-45/ProductsTest/getProductDes.png'> <img src = '/Users/abishekr/IdeaProjects/Framwork_Scratch/Screenshots/Android_Abi's S20 FE_RZCW111YE0V/2024-03-16-21-40-45/ProductsTest/getProductDes.png' height = '100' width '100'/></a>
This is the sample screenshot
<a href = '/Users/abishekr/IdeaProjects/Framwork_Scratch/Screenshots/iOS_iPhone 15 Plus_0FF07A15-687E-47A8-9F0A-5D58CC7A17D4/2024-03-16-21-40-22/LoginTest/validLogin.png'> <img src = '/Users/abishekr/IdeaProjects/Framwork_Scratch/Screenshots/iOS_iPhone 15 Plus_0FF07A15-687E-47A8-9F0A-5D58CC7A17D4/2024-03-16-21-40-22/LoginTest/validLogin.png' height = '100' width '100'/></a>
This is the sample screenshot
<a href = '/Users/abishekr/IdeaProjects/Framwork_Scratch/Screenshots/Android_Pixel4_emulator-5554/2024-03-16-21-40-50/ProductsTest/getProductDes.png'> <img src = '/Users/abishekr/IdeaProjects/Framwork_Scratch/Screenshots/Android_Pixel4_emulator-5554/2024-03-16-21-40-50/ProductsTest/getProductDes.png' height = '100' width '100'/></a>
This is the sample screenshot
<a href = '/Users/abishekr/IdeaProjects/Framwork_Scratch/Screenshots/iOS_iPhone 15 Plus_0FF07A15-687E-47A8-9F0A-5D58CC7A17D4/2024-03-16-21-40-59/ProductsTest/validLogin.png'> <img src = '/Users/abishekr/IdeaProjects/Framwork_Scratch/Screenshots/iOS_iPhone 15 Plus_0FF07A15-687E-47A8-9F0A-5D58CC7A17D4/2024-03-16-21-40-59/ProductsTest/validLogin.png' height = '100' width '100'/></a>]]>
  </system-out>
</testsuite> <!-- com.qa.testcase.LoginTest -->
